# EXECUTION LOG — ROLE-005 (Founder UX Reviewer)

**Executor:** agent (ROLE-005 implementation, self-verification)
**Date:** 2026-07-07
**Budget:** ~12k tokens

## Key Decisions

1. **Capabilities Grounding**
   - All 5 capabilities tied directly to INPUT §2 phrases:
     - "jargon leaks" → detect + flag with context
     - "counts steps and questions" → quantify instruction complexity
     - "measures cognitive load" → parse for patterns (conditionals, abbreviations, ambiguous pronouns, missing context)
     - "expectations set match what actually happens" → verify with data/estimates
     - Added: decision atomicity (implicit in "shared fan question" clarity requirement)
   - No generic filler; all operationalized for testing

2. **Escalation Posture E1–E8 Selection**
   - E1–E8 designed as decision gates, not soft preferences
   - E1: Contradiction discovery (factual escalation)
   - E2: Cognitive overload (founder capacity escalation)
   - E3: Unverified claims (evidence escalation)
   - E4: Incomplete choice sets (decision quality escalation)
   - E5: Principle mismatch (alignment escalation)
   - E6: Scope creep (change management escalation)
   - E7: Jargon density (communication escalation)
   - E8: Implicit expectations (clarity escalation)
   - "Decides alone" clause isolates wording, severity, and repair suggestions (not policy)

3. **Consumer Mapping (ATOM-073)**
   - Role spec explicitly names ATOM-073 (pilot prerequisites intake review) as primary consumer
   - "...and any atom whose artifact will be read aloud to a non-technical founder" broadens scope sustainably

4. **Venture-Strategist Template Adherence**
   - Followed section set exactly: frontmatter (name + description), Identity, Capabilities, Method Defaults, Escalation Posture, Provenance
   - 39 lines (within 30–50 target)
   - Provenance table format matches template exactly

5. **Soft Criterion (S1) Confidence**
   - Role is narrow and actionable
   - Identity is founder-optic and single-person (not team)
   - Capabilities are testable without external context
   - Method Defaults provide judgment anchors
   - Escalation Posture is a decision tree with clear triggers
   - Verified: a product manager or founder could pick this up and use it on first read

## Verification Path

1. ✓ Read INPUT.md (§1: product, §2: job, §3: DoD, §4: obligations)
2. ✓ Read venture-strategist.md (template sections)
3. ✓ Draft founder-ux-reviewer.md (39 lines, all 6 sections)
4. ✓ Verify H1: file + wc -l + frontmatter + section set
5. ✓ Verify H2: 5 bullets, all specific to §2, no filler
6. ✓ Verify H3: E1–E8 present, "decides alone" clause present
7. ✓ Verify H4: Provenance table with Created / ROLE-005 / 2026-07-07
8. ✓ Assess S1: role usable by stranger (YES)
9. ✓ Write RESULT.md with DoD table
10. ✓ Write workspace/run.log (this file)

## Status

**DONE.** Role spec ready for use by ATOM-073 and any future founder-facing artifact review.
