[2026-07-07 00:00:00 UTC] ROLE-006 Token Economist — Key Decisions Log

DECISION 1: Role Identity
- Chosen: Cost analyst focused on **measurement** not estimation
- Rationale: INPUT §2 requires arithmetic-grounded answers ("answers...with arithmetic, units and dates"), not narrative
- Implication: Role refuses cosmetic rounding, exposes envelope inflation as governance defect

DECISION 2: Capability Set (6 bullets, all specific)
- read run.logs + compute token→cost conversion
- detect / flag envelope inflation
- project monthly founder cost (velocity + burn rate)
- validate work-class assignment
- answer affordability question with cite-every-number
- Rationale: Each bullet ties to INPUT §2 job (compute real money, project cost, flag rounding, answer "how much?")
- Rejected: Generic bullets ("thorough", "communicates clearly", "detail-oriented") — violates H2

DECISION 3: Escalation Posture (E1–E5, not E1–E8)
- E1: missing token count / timestamp
- E2: missing model tier
- E3: overage >150% of budget
- E4: systematic overhead pattern (e.g., every atom × 1.3)
- E5: forecast with <3 precedent atoms
- Rationale: These are real governance problems in ATOM-007+ execution. E6–E8 not applicable to token economics role.
- Decides alone: cost detail, inflation weights, reforecast timeline, rounding policy

DECISION 4: Method Defaults (conservative approach)
- Chosen: "Conservative rate assumptions for forward projections; marks where real founder spend will differ"
- Rationale: INPUT §2 flags "flattering rounding as a defect"; conservative = auditable
- Implication: Role skews upward on cost, visible to founder (governance discipline)

DECISION 5: Provenance
- Date: 2026-07-07 (formulated date per INPUT §1)
- Atom: ROLE-006
- Rationale: Matches venture-strategist.md provenance format

SECTION COUNT CHECK:
- Frontmatter (name, description) ✓
- Identity ✓
- Capabilities (6 bullets) ✓
- Method Defaults ✓
- Escalation Posture ✓
- Provenance ✓
Total: 6 sections (matches venture-strategist.md structure exactly)

LINE COUNT: 41 lines (target 30–50) ✓

SELF-CHECK RESULT: All hard criteria (H1–H4) and soft criterion (S1) pass.
