2026-07-07T00:00:00Z [START] ATOM-079 executor spawned as pilot-toolsmith. Read role spec, INPUT.md, GATE-019 (law), GATE-018 (E8 substance to preserve).
2026-07-07T00:00:00Z [READ] Surveyed 072-telemetry-showcase/{consent,telemetry} and 071-setup-kit/setup for current state; confirmed no weekly-runbook file exists anywhere under 071-setup-kit/ (grep -rniE "weekly|runbook|owner" — zero hits before this fix-round).
2026-07-07T00:00:00Z [READ] Read GATE-BRIEF-G2.md for the exact register #3/#5/#9 option wording that GATE-019's answers select between (A/B labels), and pilot-design.md's week-by-week schedule (weeks 0-1 onboarding, 2-9 active Flow Support = 8 weeks, 10-11 exit, +30 days deletion, total ~12 weeks) to source the "12 weeks" figure GATE-019's verbatim pivot text uses.
2026-07-07T00:00:00Z [EDIT] CONSENT.ro.md — full restructure: new page-1 "Ce este Qroky" (P1); body reorganized into 4 numbered deal blocks under "Înțelegerea pilotului: ce semnezi" (P2), GATE-018 primary-duty/2-of-5 protocol and E8-1 opt-in item preserved verbatim in substance; new "Anexe — de citit după ce spui da" section naming QUICKSTART+TIERS as post-yes appendices (P3); "Lista tehnică exactă" footnote rewritten to state filtered-only mode as settled fact, no A/B (P4); deletion paragraph rewritten to state the runbook mechanism as settled (P5); refusal-of-telemetry section reduced from a 2-variant menu to the single register-#9 policy (P6).
2026-07-07T00:00:00Z [FIX] CONSENT.ro.md — reflowed a sentence so a "+" character no longer opened a line (was misread by the markdown linter as a list marker).
2026-07-07T00:00:00Z [EDIT] CONSENT.ru.md — same restructure as CONSENT.ro.md, substance-identical (P1-P7). No lint warnings on write.
2026-07-07T00:00:00Z [VERIFY] Extracted page-1 sections from both CONSENT files with awk; wc -w RO=158, RU=140 (both <=200); jargon grep (DoD|атом|atom|verify|INPUT|гейт|gate|tier|телеметр|telemetr) zero hits on both page-1 spans. Grepped both files for "Varianta A/B" / "Вариант A/B" — zero hits.
2026-07-07T00:00:00Z [EDIT] QUICKSTART.ro.md — appended new end-of-file section "Notă internă pentru echipa Flow Support (secțiune internă, nu pentru fondator)": weekly, dated, logged deletion-requests.log check + runbook execution steps, citing GATE-019 register #5 (P5, INPUT §3 fallback since no weekly-runbook file exists in the setup kit). Fixed one markdown lint issue (a line starting with "#5" was read as an ATX heading; reworded to "registrul nr. 5").
2026-07-07T00:00:00Z [EDIT] QUICKSTART.ru.md — same addition, substance-identical (P5, P7).
2026-07-07T00:00:00Z [CHECK] Confirmed QUICKSTART.ro/ru.md and TIERS.ro/ru.md already carried no signature-line/sign-off framing before this fix-round; no body edit needed for P3 beyond the consent-side appendix reference already added.
2026-07-07T00:00:00Z [EDIT] push.sh — CONTENT_FILTER_MODE changed from an env-var-selectable default ("${QROKY_TELEMETRY_FILTER_MODE:-wholefile}") to the hardcoded constant "filtered"; removed the if/else branch that used to `cp` files whole in non-filtered mode, leaving copy_*_filtered() as the single unconditional path for STATUS.md/run.log/status.yaml/VERDICT.md (RESULT.md's cost-block extraction was already unaffected by this switch). Updated header comment, WHITELIST_FILENAMES comments, the runtime "Content filtering mode:" echo, and the DELETION comment block to say "settled at G2 (GATE-019)" instead of "CEO choice pending" (P4, P5).
2026-07-07T00:00:00Z [VERIFY] bash -n push.sh — exit 0, clean.
2026-07-07T00:00:00Z [EDIT] negative-test.sh — updated header comment (TEST 1/3 descriptions, fix-round provenance) to reflect filtered-as-only-mode; TEST 3 no longer sets QROKY_TELEMETRY_FILTER_MODE=filtered (env var is now inert since push.sh hardcodes the mode) (P4).
2026-07-07T00:00:00Z [VERIFY] bash -n negative-test.sh — exit 0, clean.
2026-07-07T00:00:00Z [RUN] bash negative-test.sh (sandboxed under /private/tmp, no network calls, push_to_remote() remains a stub) — TEST 1/2/3/4 all PASSED, "ALL NEGATIVE TESTS PASSED", exit 0. Captured full stdout+stderr.
2026-07-07T00:00:00Z [EDIT] negative-test-output.txt — overwritten with the verbatim output of the real sandboxed run above (diff-confirmed identical to the captured run).
2026-07-07T00:00:00Z [FIX] push.sh — updated stale WHITELIST_FILENAMES inline comments that still said "whole file in wholefile mode" to reflect the single filtered-mode reality.
2026-07-07T00:00:00Z [VERIFY] bash -n push.sh again — clean. Re-ran negative-test.sh a second time to confirm stability after the comment fix — all 4 tests PASSED again, exit 0; git status --short telemetry/ showed no stray state files left behind either run (cleanup() trap confirmed working).
2026-07-07T00:00:00Z [CHECK] git status/diff confirmed only the seven files in INPUT §3's touch list were modified (071 QUICKSTART.ro/ru, 072 CONSENT.ro/ru, 072 push.sh/negative-test.sh/negative-test-output.txt); status.yaml untouched; pilot-design.md untouched; the pre-existing diff in 007-pilot-prerequisites/workspace/run.log (GATE-019/GATE-020 orchestration entries) predates this session and was not written by this executor.
2026-07-07T00:00:00Z [WRITE] Composed RESULT.md: P1-P7 change map, H1-H7 self-checks with literal commands/outputs, H6 RO/RU section-by-section substance table, S1 cold-reader walkthrough (measured word counts per section, 150wpm careful-read pace + processing allowance — ~8.2 min decision path, ~9.5 min worst case with optional footnote, both under the 10-minute budget) with self-assessed PASS (final judge reserved for human per INPUT §4), S2 naming two minor, non-blocking stumble points, and a Deviations section (none required; the "12 weeks" figure sourced from GATE-019's own verbatim text + pilot-design.md's week-by-week schedule, additive not substance-changing).
2026-07-07T00:00:00Z [WRITE] STATUS.md — delivered.
2026-07-07T00:00:00Z [DONE] All hard DoD criteria H1-H7 self-assessed PASS. No file outside INPUT §3's list, RESULT.md, STATUS.md, workspace/ was touched. status.yaml not touched, per instruction.
