2026-07-06T21:21:10Z [cycle-start] ATOM-016-VERIFY round 1, returns_used 0; blind package: INPUT.md, framework/SYNTHESIS-PROTOCOL.md, framework/{ATOM-SPEC,FEV-PROTOCOL,REPO-STRUCTURE,ORCHESTRATION}.md, roles/framework-architect.md — nothing else read
2026-07-06T21:21:10Z [U2-jtbd] JTBD: deliver accept/return verdict on SYNTHESIS-PROTOCOL.md per FEV §2 — re-run H1-H6 myself, judge S1-S4 with per-criterion findings/justifications, defer S5 to human, VERDICT.md per §5.1, closed fix list if returning
2026-07-06T21:21:10Z [U2-consumer] Consumers: formulating agent (accept/return routing per L6); human risk-taker (sign-off per VP18)
2026-07-06T21:21:10Z [U2-H1] H1 restated: SYNTHESIS-PROTOCOL.md exists, opens with constitutional header table (Product/Parent product/Produced by/Maturity/Date); check = presence + grep of fields
2026-07-06T21:21:10Z [U2-H2] H2 restated: §0 declares its rule prefixes; none collides with R,A,F,C,U,RS,CL,K,V,M,L,E,O,T / P0,FP,VP,EP,DR,TP / LA,NC,KL,HP,RB,SM,BC / OD,MT,EC,GB,LP,SS,RC; id-space disambiguation stated where letters confusable; check = grep
2026-07-06T21:21:10Z [U2-H3] H3 restated: coverage table maps each D1-D7 to implementing rule id(s) (RC4 discipline); check = table present, every D row non-empty
2026-07-06T21:21:10Z [U2-H4] H4 restated: fenced template for perspective map + fenced template for synthesis product; every fence is a declared template (T2); check = fence count equals declared count, both named templates present
2026-07-06T21:21:10Z [U2-H5] H5 restated: §0 states R0.3 precedence — tightens the earlier four docs, never relaxes; apparent relaxation defective, earlier doc prevails; check = grep
2026-07-06T21:21:10Z [U2-H6] H6 restated: length <= 500 lines; check = wc -l
2026-07-06T21:21:10Z [U2-S1] S1 restated (judge: Verify agent): no rule relaxes any obligation of the four existing documents — relaxation = permitting what is prohibited or weakening a MUST
2026-07-06T21:21:10Z [U2-S2] S2 restated (judge: Verify agent): scale invariance (A5) — map/fan/synthesis/fold-back rules work unchanged from paragraph scale to company-strategy scale
2026-07-06T21:21:10Z [U2-S3] S3 restated (judge: Verify agent): fact/value classification (D2) operational per FP7 bar — two independent judges classify the same conflict identically
2026-07-06T21:21:10Z [U2-S4] S4 restated (judge: Verify agent): D1 thresholds do not recreate bureaucracy at small scale — map cost negligible vs fan cost
2026-07-06T21:21:10Z [U2-S5] S5 restated (judge: HUMAN): retro-applied to business-strategy-v1 would have forced >=1 multi-lens examination with >=1 named conflict — DEFERRED per VP9, not judged here
2026-07-06T21:21:10Z [U2-exit] no blocking ambiguity; D1-D7 held as accepted decisions, formalization checked not reopened; proceeding to hard pass
2026-07-06T21:21:10Z [budget-checkpoint] blind-package read complete, ~34k tokens consumed of ~180k envelope — no overrun projected
2026-07-06T21:22:11Z [hard-pass-H1] PASS — file present (23327 bytes); header fields Product/Parent product/Produced by/Maturity/Date grep-hit at lines 5-9
2026-07-06T21:22:11Z [hard-pass-H2] PASS — SP2 (line 18) declares SP,PM,LF,SY,FB; set-membership check vs 33 reserved prefixes: 0 collisions; no other doc declares these as prefixes; SP3 (line 19) disambiguates S-space (SP/SY vs criteria S1..Sn), F-space (FB vs ATOM-SPEC F, FP, finding ids), X-ids; E8 declared trigger-id-in-E-space not a prefix (SP5)
2026-07-06T21:22:11Z [hard-pass-H3] PASS — §5 table at line 129 cites RC4; 7 rows D1-D7 (lines 135-141); 0 rows with empty implementing-rule cell
2026-07-06T21:22:11Z [hard-pass-H4] PASS — fence-line count 4 = 2 fenced blocks (lines 153-172, 176-217) = declared count (SY12 line 147: only two); perspective-map template (§6.1) and SYNTHESIS.md template (§6.2) both present
2026-07-06T21:22:11Z [hard-pass-H5] PASS — SP4 (line 23) states R0.3/P0.3 precedence: tightens the four earlier documents, never relaxes; apparent relaxation defective, earlier document prevails, conflict reported
2026-07-06T21:22:11Z [hard-pass-H6] PASS — wc -l = 227 <= 500
2026-07-06T21:22:11Z [soft-pass-S1] judged: no findings — every normative rule checked against the four docs; four near-relaxation candidates examined and cleared: (a) SYNTHESIS.md filename vs NC7 default — follows the GB5/HP4 migration discipline already accepted twice, SY1 explicit; (b) SY4 'names exactly' vs A6 15 mandatory fields — constrains the input-products field only, SP6/LF1 explicitly require every §1.3 field; (c) E8 vs closed E1-E7 enumeration — SP5 uses the established HP4/GB5 next-touch mechanism, E8 routed as gate = intent confirmation per O8.1, no fourth human product created; (d) LF4 lens atoms at S/M — Execute-side economy, exactly what MT3 permits; synthesis forced to L is a tightening
2026-07-06T21:22:11Z [soft-pass-S2] judged: no findings — no rule carries an absolute-magnitude threshold; PM5 floor is relative (EC1 2x read estimate), LF5 depth is the existing F6 currency, PM6 triggers (plan exists / maturity / perimeter) are structural not size-based; paragraph case degrades to a one-line PM4 opt-out; strategy case scales through weights, sub-lenses, E8 gates
2026-07-06T21:22:11Z [soft-pass-S3] judged: no findings — tested against 3 constructed conflicts (latency measurement disagreement -> fact; acceptability-of-latency tradeoff -> value; contested market forecast -> value via the obtainability clause inside the fact row itself); SY6 declares the test normative, doubt resolves to value, mixed conflicts MUST split (FP4 discipline); the fact row embeds the settling-evidence condition so table and test cannot diverge; SY8/FB3 gate authorship in ordinary decompositions resolves deterministically through O8.2
2026-07-06T21:22:11Z [soft-pass-S4] judged: no findings — PM7 structurally bounds map cost (inline, MUST NOT spawn sub-atoms, one template-sized table at the tier Formulate already runs); §6.1 template is 19 lines; opt-out is one recorded line; fan cost floor alone is 2x read estimate per lens plus a tier-L synthesis act — map cost negligible against it
2026-07-06T21:22:11Z [soft-pass-S5] DEFERRED to human judge per VP9 — retroactive business-strategy-v1 application is the human's sign-off question
2026-07-06T21:22:11Z [findings] none composed — no blocking, substantive, or minor findings; per-criterion justifications recorded above (VP10)
2026-07-06T21:22:11Z [verdict] accept — all H1-H6 pass, S1-S4 no findings with specific justifications, S5 deferred (VP12)
2026-07-06T21:22:11Z [budget-checkpoint] ~45k tokens consumed of ~180k envelope — no overrun projected; writing VERDICT.md
2026-07-06T21:23:45Z [deliver] VERDICT.md written per FEV §5.1 (verdict: accept, round 1, returns_used 0); RESULT.md written per ATOM-SPEC §6.2 with ~-estimated cost block (BC4)
2026-07-06T21:23:45Z [cycle-end] ATOM-016-VERIFY delivered; consumption ~48k of ~180k envelope
